root -INFO-/lessons 8à
root -INFO-8ð
telegram.ext.updater -ERROR-Error while getting Updates: Timed out
telegram.ext.updater -ERROR-Error while getting Updates: Timed out
telegram.ext.dispatcher -ERROR-An uncaught error was raised while processing the update
Traceback (most recent call last):
  File "C:\projects\school_bot\env\lib\site-packages\telegram\ext\dispatcher.py", line 279, in process_update
    handler.handle_update(update, self)
  File "C:\projects\school_bot\env\lib\site-packages\telegram\ext\commandhandler.py", line 171, in handle_update
    return self.callback(dispatcher.bot, update, **optional_args)
  File "bot.py", line 12, in lessons
    class_titles = db_session.query(Class.title).all()
NameError: name 'db_session' is not defined
telegram.ext.dispatcher -ERROR-An uncaught error was raised while processing the update
Traceback (most recent call last):
  File "C:\projects\school_bot\env\lib\site-packages\telegram\ext\dispatcher.py", line 279, in process_update
    handler.handle_update(update, self)
  File "C:\projects\school_bot\env\lib\site-packages\telegram\ext\commandhandler.py", line 171, in handle_update
    return self.callback(dispatcher.bot, update, **optional_args)
  File "bot.py", line 12, in lessons
    class_titles = db_session.query(Class.title).all()
NameError: name 'db_session' is not defined
telegram.ext.dispatcher -ERROR-An uncaught error was raised while processing the update
Traceback (most recent call last):
  File "C:\projects\school_bot\env\lib\site-packages\telegram\ext\dispatcher.py", line 279, in process_update
    handler.handle_update(update, self)
  File "C:\projects\school_bot\env\lib\site-packages\telegram\ext\commandhandler.py", line 171, in handle_update
    return self.callback(dispatcher.bot, update, **optional_args)
  File "bot.py", line 12, in lessons
    class_titles = db_session.query(Class.title).all()
NameError: name 'db_session' is not defined
telegram.ext.updater -WARNING-Exiting immediately!
